Microsoft (R) Macro Assembler Version 14.35.32215.0	    06/02/23 12:04:15
Main.asm						     Page 1 - 1


				.386
				.model flat,stdcall
				.stack 4096


				ExitProcess PROTO, dwExitCode:DWORD


 00000000			.data 
 00000000 00000000		sum DWORD 0

 00000000			.code
 00000000			main PROC
 00000000  B8 00000005			mov eax,5
 00000005  83 C0 06			add eax,6 
 00000008  A3 00000000 R		mov sum,eax

 0000000D  B9 00000000			mov ecx,0

					INVOKE ExitProcess, 0
 00000019			main ENDP
				END main
Microsoft (R) Macro Assembler Version 14.35.32215.0	    06/02/23 12:04:15
Main.asm						     Symbols 2 - 1




Segments and Groups:

                N a m e                 Size     Length   Align   Combine Class

FLAT . . . . . . . . . . . . . .	GROUP
STACK  . . . . . . . . . . . . .	32 Bit	 00001000 DWord	  Stack	  'STACK'	 
_DATA  . . . . . . . . . . . . .	32 Bit	 00000004 DWord	  Public  'DATA'	
_TEXT  . . . . . . . . . . . . .	32 Bit	 00000019 DWord	  Public  'CODE'	


Procedures, parameters, and locals:

                N a m e                 Type     Value    Attr

ExitProcess  . . . . . . . . . .	P Near	 00000000 FLAT	Length= 00000000 External STDCALL
main . . . . . . . . . . . . . .	P Near	 00000000 _TEXT	Length= 00000019 Public STDCALL


Symbols:

                N a m e                 Type     Value    Attr

@CodeSize  . . . . . . . . . . .	Number	 00000000h   
@DataSize  . . . . . . . . . . .	Number	 00000000h   
@Interface . . . . . . . . . . .	Number	 00000003h   
@Model . . . . . . . . . . . . .	Number	 00000007h   
@code  . . . . . . . . . . . . .	Text   	 _TEXT
@data  . . . . . . . . . . . . .	Text   	 FLAT
@fardata?  . . . . . . . . . . .	Text   	 FLAT
@fardata . . . . . . . . . . . .	Text   	 FLAT
@stack . . . . . . . . . . . . .	Text   	 FLAT
sum  . . . . . . . . . . . . . .	DWord	 00000000 _DATA	

	   0 Warnings
	   0 Errors
